<?xml version="1.0" encoding="UTF-8"?>
<!-- Generated by org.testng.reporters.JUnitReportReporter -->
<testsuite hostname="LAPTOP-E194MDNK" failures="0" tests="1" name="test.TC005_Bookingpage" time="9.864" errors="0" timestamp="2024-06-07T21:49:33 IST" skipped="0">
  <testcase classname="test.TC005_Bookingpage" name="BookingDisplay" time="9.864"/>
</testsuite> <!-- test.TC005_Bookingpage -->
