<?xml version="1.0" encoding="UTF-8"?>
<!-- Generated by org.testng.reporters.JUnitReportReporter -->
<testsuite hostname="LAPTOP-E194MDNK" failures="0" tests="1" name="test.TC003_Oneway" time="26.704" errors="0" timestamp="2024-06-07T21:49:33 IST" skipped="0">
  <testcase classname="test.TC003_Oneway" name="one_way" time="26.704"/>
</testsuite> <!-- test.TC003_Oneway -->
